<?xml version="1.0" encoding="UTF-8"?>
<!-- Generated by org.testng.reporters.JUnitReportReporter -->
<testsuite skipped="0" hostname="NB-RAJESHM-OSX.local" name="com.raj.TestCases.LoginPageTest" tests="3" failures="0" timestamp="16 May 2018 02:10:03 GMT" time="10.260" errors="0">
  <testcase name="validateLoginPageTitle" time="2.493" classname="com.raj.TestCases.LoginPageTest"/>
  <testcase name="verifyCrmLogoImgTest" time="1.421" classname="com.raj.TestCases.LoginPageTest"/>
  <testcase name="verifyLoginTest" time="6.346" classname="com.raj.TestCases.LoginPageTest"/>
</testsuite> <!-- com.raj.TestCases.LoginPageTest -->
