<?xml version="1.0" encoding="UTF-8"?>
<!-- Generated by org.testng.reporters.JUnitReportReporter -->
<testsuite skipped="0" hostname="NB-RAJESHM-OSX.local" name="com.raj.TestCases.HomePageTest" tests="5" failures="0" timestamp="16 May 2018 02:51:55 GMT" time="19.183" errors="0">
  <testcase name="validateHomePageTitle" time="3.370" classname="com.raj.TestCases.HomePageTest"/>
  <testcase name="verifyUserNameDisplay" time="2.923" classname="com.raj.TestCases.HomePageTest"/>
  <testcase name="verifyClickContactsLink" time="3.110" classname="com.raj.TestCases.HomePageTest"/>
  <testcase name="verifyClickDealsLink" time="6.795" classname="com.raj.TestCases.HomePageTest"/>
  <testcase name="verifyClickTasksLink" time="2.985" classname="com.raj.TestCases.HomePageTest"/>
</testsuite> <!-- com.raj.TestCases.HomePageTest -->
