<?xml version="1.0" encoding="UTF-8"?>
<!-- Generated by org.testng.reporters.JUnitReportReporter -->
<testsuite skipped="0" hostname="NB-RAJESHM-OSX.local" name="com.raj.TestCases.ContactsPageTest" tests="4" failures="0" timestamp="14 May 2018 18:53:01 GMT" time="14.989" errors="0">
  <testcase name="verifyContactsLable" time="3.431" classname="com.raj.TestCases.ContactsPageTest"/>
  <testcase name="verifySelectContact" time="3.250" classname="com.raj.TestCases.ContactsPageTest"/>
  <testcase name="verifySelectMultipleContacts" time="3.873" classname="com.raj.TestCases.ContactsPageTest"/>
  <testcase name="validateCreateNewContact" time="4.435" classname="com.raj.TestCases.ContactsPageTest"/>
</testsuite> <!-- com.raj.TestCases.ContactsPageTest -->
