<?xml version="1.0" encoding="UTF-8"?>
<!-- Generated by org.testng.reporters.JUnitReportReporter -->
<testsuite skipped="0" hostname="NB-RAJESHM-OSX.local" name="com.raj.TestCases.HomePageTest" tests="5" failures="0" timestamp="16 May 2018 00:48:40 GMT" time="23.364" errors="0">
  <testcase name="validateHomePageTitle" time="3.535" classname="com.raj.TestCases.HomePageTest"/>
  <testcase name="verifyUserNameDisplay" time="2.727" classname="com.raj.TestCases.HomePageTest"/>
  <testcase name="verifyClickContactsLink" time="3.107" classname="com.raj.TestCases.HomePageTest"/>
  <testcase name="verifyClickDealsLink" time="7.775" classname="com.raj.TestCases.HomePageTest"/>
  <testcase name="verifyClickTasksLink" time="6.220" classname="com.raj.TestCases.HomePageTest"/>
</testsuite> <!-- com.raj.TestCases.HomePageTest -->
